<?xml version="1.0" encoding="UTF-8"?>
  <testsuite tests="1" failures="0" time="39.123133164">
      <testcase name="StatefulSet Sidecar added to new StatefulSet should backup to &#34;Local&#34; backend" classname="E2e Suite" time="0">
          <skipped></skipped>
      </testcase>
      <testcase name="DeploymentApp Sidecar added to new Deployment should backup to &#34;Local&#34; backend" classname="E2e Suite" time="0">
          <skipped></skipped>
      </testcase>
      <testcase name="DeploymentApp Sidecar added to existing Deployment should backup to &#34;Local&#34; backend" classname="E2e Suite" time="0">
          <skipped></skipped>
      </testcase>
      <testcase name="DeploymentApp Sidecar removed when restic is deleted" classname="E2e Suite" time="0">
          <skipped></skipped>
      </testcase>
      <testcase name="DeploymentExtension Sidecar added to new Deployment should backup to &#34;Local&#34; backend" classname="E2e Suite" time="0">
          <skipped></skipped>
      </testcase>
      <testcase name="DeploymentExtension Sidecar added to existing Deployment should backup to &#34;Local&#34; backend" classname="E2e Suite" time="0">
          <skipped></skipped>
      </testcase>
      <testcase name="DeploymentExtension Sidecar removed when restic is deleted" classname="E2e Suite" time="0">
          <skipped></skipped>
      </testcase>
      <testcase name="ReplicaSet Sidecar added to new ReplicaSet should backup to &#34;Local&#34; backend" classname="E2e Suite" time="39.078605984"></testcase>
      <testcase name="ReplicaSet Sidecar added to existing ReplicaSet should backup to &#34;Local&#34; backend" classname="E2e Suite" time="0">
          <skipped></skipped>
      </testcase>
      <testcase name="ReplicaSet Sidecar removed when restic is deleted" classname="E2e Suite" time="0">
          <skipped></skipped>
      </testcase>
      <testcase name="ReplicationController Sidecar added to new rc should backup to &#34;Local&#34; backend" classname="E2e Suite" time="0">
          <skipped></skipped>
      </testcase>
      <testcase name="ReplicationController Sidecar added to existing rc should backup to &#34;Local&#34; backend" classname="E2e Suite" time="0">
          <skipped></skipped>
      </testcase>
      <testcase name="ReplicationController Sidecar removed when restic is deleted" classname="E2e Suite" time="0">
          <skipped></skipped>
      </testcase>
      <testcase name="DaemonSet Sidecar added to new DaemonSet should backup to &#34;Local&#34; backend" classname="E2e Suite" time="0">
          <skipped></skipped>
      </testcase>
      <testcase name="DaemonSet Sidecar added to existing DaemonSet should backup to &#34;Local&#34; backend" classname="E2e Suite" time="0">
          <skipped></skipped>
      </testcase>
      <testcase name="DaemonSet Sidecar removed when restic is deleted" classname="E2e Suite" time="0">
          <skipped></skipped>
      </testcase>
  </testsuite>